This is pdfTeX, Version 3.14159265-2.6-1.40.15 (TeX Live 2014) (preloaded format=pdflatex 2014.7.24)  24 FEB 2017 17:36
entering extended mode
 restricted \write18 enabled.
 file:line:error style messages enabled.
 %&-line parsing enabled.
**\input paper.tex
(./paper.tex
(/usr/local/texlive/2014basic/texmf-dist/tex/latex/base/article.cls
Document Class: article 2007/10/19 v1.4h Standard LaTeX document class
(/usr/local/texlive/2014basic/texmf-dist/tex/latex/base/size10.clo
File: size10.clo 2007/10/19 v1.4h Standard LaTeX file (size option)
)
\c@part=\count79
\c@section=\count80
\c@subsection=\count81
\c@subsubsection=\count82
\c@paragraph=\count83
\c@subparagraph=\count84
\c@figure=\count85
\c@table=\count86
\abovecaptionskip=\skip41
\belowcaptionskip=\skip42
\bibindent=\dimen102
)
(/usr/local/texlive/2014basic/texmf-dist/tex/latex/base/fontenc.sty
Package: fontenc 2005/09/27 v1.99g Standard LaTeX package

(/usr/local/texlive/2014basic/texmf-dist/tex/latex/base/ot1enc.def
File: ot1enc.def 2005/09/27 v1.99g Standard LaTeX file
LaTeX Font Info:    Redeclaring font encoding OT1 on input line 43.
))
(/usr/local/texlive/2014basic/texmf-dist/tex/latex/amscls/amsthm.sty
Package: amsthm 2004/08/06 v2.20
\thm@style=\toks14
\thm@bodyfont=\toks15
\thm@headfont=\toks16
\thm@notefont=\toks17
\thm@headpunct=\toks18
\thm@preskip=\skip43
\thm@postskip=\skip44
\thm@headsep=\skip45
\dth@everypar=\toks19
)
(/usr/local/texlive/2014basic/texmf-dist/tex/latex/amsmath/amsmath.sty
Package: amsmath 2013/01/14 v2.14 AMS math features
\@mathmargin=\skip46

For additional information on amsmath, use the `?' option.
(/usr/local/texlive/2014basic/texmf-dist/tex/latex/amsmath/amstext.sty
Package: amstext 2000/06/29 v2.01

(/usr/local/texlive/2014basic/texmf-dist/tex/latex/amsmath/amsgen.sty
File: amsgen.sty 1999/11/30 v2.0
\@emptytoks=\toks20
\ex@=\dimen103
))
(/usr/local/texlive/2014basic/texmf-dist/tex/latex/amsmath/amsbsy.sty
Package: amsbsy 1999/11/29 v1.2d
\pmbraise@=\dimen104
)
(/usr/local/texlive/2014basic/texmf-dist/tex/latex/amsmath/amsopn.sty
Package: amsopn 1999/12/14 v2.01 operator names
)
\inf@bad=\count87
LaTeX Info: Redefining \frac on input line 210.
\uproot@=\count88
\leftroot@=\count89
LaTeX Info: Redefining \overline on input line 306.
\classnum@=\count90
\DOTSCASE@=\count91
LaTeX Info: Redefining \ldots on input line 378.
LaTeX Info: Redefining \dots on input line 381.
LaTeX Info: Redefining \cdots on input line 466.
\Mathstrutbox@=\box26
\strutbox@=\box27
\big@size=\dimen105
LaTeX Font Info:    Redeclaring font encoding OML on input line 566.
LaTeX Font Info:    Redeclaring font encoding OMS on input line 567.
\macc@depth=\count92
\c@MaxMatrixCols=\count93
\dotsspace@=\muskip10
\c@parentequation=\count94
\dspbrk@lvl=\count95
\tag@help=\toks21
\row@=\count96
\column@=\count97
\maxfields@=\count98
\andhelp@=\toks22
\eqnshift@=\dimen106
\alignsep@=\dimen107
\tagshift@=\dimen108
\tagwidth@=\dimen109
\totwidth@=\dimen110
\lineht@=\dimen111
\@envbody=\toks23
\multlinegap=\skip47
\multlinetaggap=\skip48
\mathdisplay@stack=\toks24
LaTeX Info: Redefining \[ on input line 2665.
LaTeX Info: Redefining \] on input line 2666.
)
(/usr/local/texlive/2014basic/texmf-dist/tex/latex/amsfonts/amsfonts.sty
Package: amsfonts 2013/01/14 v3.01 Basic AMSFonts support
\symAMSa=\mathgroup4
\symAMSb=\mathgroup5
LaTeX Font Info:    Overwriting math alphabet `\mathfrak' in version `bold'
(Font)                  U/euf/m/n --> U/euf/b/n on input line 106.
)
(/usr/local/texlive/2014basic/texmf-dist/tex/latex/natbib/natbib.sty
Package: natbib 2010/09/13 8.31b (PWD, AO)
\bibhang=\skip49
\bibsep=\skip50
LaTeX Info: Redefining \cite on input line 694.
\c@NAT@ctr=\count99
)
(/usr/local/texlive/2014basic/texmf-dist/tex/latex/mh/mathtools.sty
Package: mathtools 2014/05/21 v1.14 mathematical typesetting tools

(/usr/local/texlive/2014basic/texmf-dist/tex/latex/graphics/keyval.sty
Package: keyval 2014/05/08 v1.15 key=value parser (DPC)
\KV@toks@=\toks25
)
(/usr/local/texlive/2014basic/texmf-dist/tex/latex/tools/calc.sty
Package: calc 2007/08/22 v4.3 Infix arithmetic (KKT,FJ)
\calc@Acount=\count100
\calc@Bcount=\count101
\calc@Adimen=\dimen112
\calc@Bdimen=\dimen113
\calc@Askip=\skip51
\calc@Bskip=\skip52
LaTeX Info: Redefining \setlength on input line 75.
LaTeX Info: Redefining \addtolength on input line 76.
\calc@Ccount=\count102
\calc@Cskip=\skip53
)
(/usr/local/texlive/2014basic/texmf-dist/tex/latex/mh/mhsetup.sty
Package: mhsetup 2010/01/21 v1.2a programming setup (MH)
)
LaTeX Info: Thecontrolsequence`\['isalreadyrobust on input line 129.
LaTeX Info: Thecontrolsequence`\]'isalreadyrobust on input line 129.
\g_MT_multlinerow_int=\count103
\l_MT_multwidth_dim=\dimen114
\origjot=\skip54
\l_MT_shortvdotswithinadjustabove_dim=\dimen115
\l_MT_shortvdotswithinadjustbelow_dim=\dimen116
\l_MT_above_intertext_sep=\dimen117
\l_MT_below_intertext_sep=\dimen118
\l_MT_above_shortintertext_sep=\dimen119
\l_MT_below_shortintertext_sep=\dimen120
)
(./custom_math.sty)
(/usr/local/texlive/2014basic/texmf-dist/tex/latex/amsfonts/amssymb.sty
Package: amssymb 2013/01/14 v3.01 AMS font symbols
)
(/usr/local/texlive/2014basic/texmf-dist/tex/latex/hypernat/hypernat.sty
Package: hypernat 2001/07/09 v1.0b hyperref and natbib compatibility (jb)
)
(/usr/local/texlive/2014basic/texmf-dist/tex/latex/algorithms/algorithm.sty
Package: algorithm 2009/08/24 v0.1 Document Style `algorithm' - floating enviro
nment

(/usr/local/texlive/2014basic/texmf-dist/tex/latex/float/float.sty
Package: float 2001/11/08 v1.3d Float enhancements (AL)
\c@float@type=\count104
\float@exts=\toks26
\float@box=\box28
\@float@everytoks=\toks27
\@floatcapt=\box29
)
(/usr/local/texlive/2014basic/texmf-dist/tex/latex/base/ifthen.sty
Package: ifthen 2001/05/26 v1.1c Standard LaTeX ifthen package (DPC)
)
\@float@every@algorithm=\toks28
\c@algorithm=\count105
)
(/usr/local/texlive/2014basic/texmf-dist/tex/latex/algorithmicx/algpseudocode.s
ty
Package: algpseudocode 

(/usr/local/texlive/2014basic/texmf-dist/tex/latex/algorithmicx/algorithmicx.st
y
Package: algorithmicx 2005/04/27 v1.2 Algorithmicx

Document Style algorithmicx 1.2 - a greatly improved `algorithmic' style
\c@ALG@line=\count106
\c@ALG@rem=\count107
\c@ALG@nested=\count108
\ALG@tlm=\skip55
\ALG@thistlm=\skip56
\c@ALG@Lnr=\count109
\c@ALG@blocknr=\count110
\c@ALG@storecount=\count111
\c@ALG@tmpcounter=\count112
\ALG@tmplength=\skip57
)
Document Style - pseudocode environments for use with the `algorithmicx' style
) (/usr/local/texlive/2014basic/texmf-dist/tex/latex/graphics/graphicx.sty
Package: graphicx 2014/04/25 v1.0g Enhanced LaTeX Graphics (DPC,SPQR)

(/usr/local/texlive/2014basic/texmf-dist/tex/latex/graphics/graphics.sty
Package: graphics 2009/02/05 v1.0o Standard LaTeX Graphics (DPC,SPQR)

(/usr/local/texlive/2014basic/texmf-dist/tex/latex/graphics/trig.sty
Package: trig 1999/03/16 v1.09 sin cos tan (DPC)
)
(/usr/local/texlive/2014basic/texmf-dist/tex/latex/latexconfig/graphics.cfg
File: graphics.cfg 2010/04/23 v1.9 graphics configuration of TeX Live
)
Package graphics Info: Driver file: pdftex.def on input line 91.

(/usr/local/texlive/2014basic/texmf-dist/tex/latex/pdftex-def/pdftex.def
File: pdftex.def 2011/05/27 v0.06d Graphics/color for pdfTeX

(/usr/local/texlive/2014basic/texmf-dist/tex/generic/oberdiek/infwarerr.sty
Package: infwarerr 2010/04/08 v1.3 Providing info/warning/error messages (HO)
)
(/usr/local/texlive/2014basic/texmf-dist/tex/generic/oberdiek/ltxcmds.sty
Package: ltxcmds 2011/11/09 v1.22 LaTeX kernel commands for general use (HO)
)
\Gread@gobject=\count113
))
\Gin@req@height=\dimen121
\Gin@req@width=\dimen122
)
(/usr/local/texlive/2014basic/texmf-dist/tex/latex/geometry/geometry.sty
Package: geometry 2010/09/12 v5.6 Page Geometry

(/usr/local/texlive/2014basic/texmf-dist/tex/generic/oberdiek/ifpdf.sty
Package: ifpdf 2011/01/30 v2.3 Provides the ifpdf switch (HO)
Package ifpdf Info: pdfTeX in PDF mode is detected.
)
(/usr/local/texlive/2014basic/texmf-dist/tex/generic/oberdiek/ifvtex.sty
Package: ifvtex 2010/03/01 v1.5 Detect VTeX and its facilities (HO)
Package ifvtex Info: VTeX not detected.
)
(/usr/local/texlive/2014basic/texmf-dist/tex/generic/ifxetex/ifxetex.sty
Package: ifxetex 2010/09/12 v0.6 Provides ifxetex conditional
)
\Gm@cnth=\count114
\Gm@cntv=\count115
\c@Gm@tempcnt=\count116
\Gm@bindingoffset=\dimen123
\Gm@wd@mp=\dimen124
\Gm@odd@mp=\dimen125
\Gm@even@mp=\dimen126
\Gm@layoutwidth=\dimen127
\Gm@layoutheight=\dimen128
\Gm@layouthoffset=\dimen129
\Gm@layoutvoffset=\dimen130
\Gm@dimlist=\toks29
)
(/usr/local/texlive/2014basic/texmf-dist/tex/latex/subfigure/subfigure.sty
Package: subfigure 2002/03/15 v2.1.5 subfigure package
\subfigtopskip=\skip58
\subfigcapskip=\skip59
\subfigcaptopadj=\dimen131
\subfigbottomskip=\skip60
\subfigcapmargin=\dimen132
\subfiglabelskip=\skip61
\c@subfigure=\count117
\c@lofdepth=\count118
\c@subtable=\count119
\c@lotdepth=\count120

****************************************
* Local config file subfigure.cfg used *
****************************************
(/usr/local/texlive/2014basic/texmf-dist/tex/latex/subfigure/subfigure.cfg)
\subfig@top=\skip62
\subfig@bottom=\skip63
)
(/usr/local/texlive/2014basic/texmf-dist/tex/latex/hyperref/hyperref.sty
Package: hyperref 2012/11/06 v6.83m Hypertext links for LaTeX

(/usr/local/texlive/2014basic/texmf-dist/tex/generic/oberdiek/hobsub-hyperref.s
ty
Package: hobsub-hyperref 2012/05/28 v1.13 Bundle oberdiek, subset hyperref (HO)


(/usr/local/texlive/2014basic/texmf-dist/tex/generic/oberdiek/hobsub-generic.st
y
Package: hobsub-generic 2012/05/28 v1.13 Bundle oberdiek, subset generic (HO)
Package: hobsub 2012/05/28 v1.13 Construct package bundles (HO)
Package hobsub Info: Skipping package `infwarerr' (already loaded).
Package hobsub Info: Skipping package `ltxcmds' (already loaded).
Package: ifluatex 2010/03/01 v1.3 Provides the ifluatex switch (HO)
Package ifluatex Info: LuaTeX not detected.
Package hobsub Info: Skipping package `ifvtex' (already loaded).
Package: intcalc 2007/09/27 v1.1 Expandable calculations with integers (HO)
Package hobsub Info: Skipping package `ifpdf' (already loaded).
Package: etexcmds 2011/02/16 v1.5 Avoid name clashes with e-TeX commands (HO)
Package etexcmds Info: Could not find \expanded.
(etexcmds)             That can mean that you are not using pdfTeX 1.50 or
(etexcmds)             that some package has redefined \expanded.
(etexcmds)             In the latter case, load this package earlier.
Package: kvsetkeys 2012/04/25 v1.16 Key value parser (HO)
Package: kvdefinekeys 2011/04/07 v1.3 Define keys (HO)
Package: pdftexcmds 2011/11/29 v0.20 Utility functions of pdfTeX for LuaTeX (HO
)
Package pdftexcmds Info: LuaTeX not detected.
Package pdftexcmds Info: \pdf@primitive is available.
Package pdftexcmds Info: \pdf@ifprimitive is available.
Package pdftexcmds Info: \pdfdraftmode found.
Package: pdfescape 2011/11/25 v1.13 Implements pdfTeX's escape features (HO)
Package: bigintcalc 2012/04/08 v1.3 Expandable calculations on big integers (HO
)
Package: bitset 2011/01/30 v1.1 Handle bit-vector datatype (HO)
Package: uniquecounter 2011/01/30 v1.2 Provide unlimited unique counter (HO)
)
Package hobsub Info: Skipping package `hobsub' (already loaded).
Package: letltxmacro 2010/09/02 v1.4 Let assignment for LaTeX macros (HO)
Package: hopatch 2012/05/28 v1.2 Wrapper for package hooks (HO)
Package: xcolor-patch 2011/01/30 xcolor patch
Package: atveryend 2011/06/30 v1.8 Hooks at the very end of document (HO)
Package atveryend Info: \enddocument detected (standard20110627).
Package: atbegshi 2011/10/05 v1.16 At begin shipout hook (HO)
Package: refcount 2011/10/16 v3.4 Data extraction from label references (HO)
Package: hycolor 2011/01/30 v1.7 Color options for hyperref/bookmark (HO)
) (/usr/local/texlive/2014basic/texmf-dist/tex/latex/oberdiek/auxhook.sty
Package: auxhook 2011/03/04 v1.3 Hooks for auxiliary files (HO)
)
(/usr/local/texlive/2014basic/texmf-dist/tex/latex/oberdiek/kvoptions.sty
Package: kvoptions 2011/06/30 v3.11 Key value format for package options (HO)
)
\@linkdim=\dimen133
\Hy@linkcounter=\count121
\Hy@pagecounter=\count122

(/usr/local/texlive/2014basic/texmf-dist/tex/latex/hyperref/pd1enc.def
File: pd1enc.def 2012/11/06 v6.83m Hyperref: PDFDocEncoding definition (HO)
)
\Hy@SavedSpaceFactor=\count123

(/usr/local/texlive/2014basic/texmf-dist/tex/latex/latexconfig/hyperref.cfg
File: hyperref.cfg 2002/06/06 v1.2 hyperref configuration of TeXLive
)
Package hyperref Info: Hyper figures OFF on input line 4443.
Package hyperref Info: Link nesting OFF on input line 4448.
Package hyperref Info: Hyper index ON on input line 4451.
Package hyperref Info: Plain pages OFF on input line 4458.
Package hyperref Info: Backreferencing OFF on input line 4463.
Package hyperref Info: Implicit mode ON; LaTeX internals redefined.
Package hyperref Info: Bookmarks ON on input line 4688.
\c@Hy@tempcnt=\count124

(/usr/local/texlive/2014basic/texmf-dist/tex/latex/url/url.sty
\Urlmuskip=\muskip11
Package: url 2013/09/16  ver 3.4  Verb mode for urls, etc.
)
LaTeX Info: Redefining \url on input line 5041.
\XeTeXLinkMargin=\dimen134
\Fld@menulength=\count125
\Field@Width=\dimen135
\Fld@charsize=\dimen136
Package hyperref Info: Hyper figures OFF on input line 6295.
Package hyperref Info: Link nesting OFF on input line 6300.
Package hyperref Info: Hyper index ON on input line 6303.
Package hyperref Info: backreferencing OFF on input line 6310.
Package hyperref Info: Link coloring OFF on input line 6315.
Package hyperref Info: Link coloring with OCG OFF on input line 6320.
Package hyperref Info: PDF/A mode OFF on input line 6325.
LaTeX Info: Redefining \ref on input line 6365.
LaTeX Info: Redefining \pageref on input line 6369.
\Hy@abspage=\count126
\c@Item=\count127
\c@Hfootnote=\count128
)

Package hyperref Message: Driver (autodetected): hpdftex.

(/usr/local/texlive/2014basic/texmf-dist/tex/latex/hyperref/hpdftex.def
File: hpdftex.def 2012/11/06 v6.83m Hyperref driver for pdfTeX
\Fld@listcount=\count129
\c@bookmark@seq@number=\count130

(/usr/local/texlive/2014basic/texmf-dist/tex/latex/oberdiek/rerunfilecheck.sty
Package: rerunfilecheck 2011/04/15 v1.7 Rerun checks for auxiliary files (HO)
Package uniquecounter Info: New unique counter `rerunfilecheck' on input line 2
82.
)
\Hy@SectionHShift=\skip64
) (/usr/local/texlive/2014basic/texmf-dist/tex/latex/yhmath/yhmath.sty
Package: yhmath 
LaTeX Font Info:    Redeclaring symbol font `largesymbols' on input line 12.
LaTeX Font Info:    Overwriting symbol font `largesymbols' in version `normal'
(Font)                  OMX/cmex/m/n --> OMX/yhex/m/n on input line 12.
LaTeX Font Info:    Overwriting symbol font `largesymbols' in version `bold'
(Font)                  OMX/cmex/m/n --> OMX/yhex/m/n on input line 12.
LaTeX Font Info:    Redeclaring math accent \widetilde on input line 13.
LaTeX Font Info:    Redeclaring math accent \widehat on input line 14.
)
(/usr/local/texlive/2014basic/texmf-dist/tex/latex/xcolor/xcolor.sty
Package: xcolor 2007/01/21 v2.11 LaTeX color extensions (UK)

(/usr/local/texlive/2014basic/texmf-dist/tex/latex/latexconfig/color.cfg
File: color.cfg 2007/01/18 v1.5 color configuration of teTeX/TeXLive
)
Package xcolor Info: Package option `usenames' ignored on input line 216.
Package xcolor Info: Driver file: pdftex.def on input line 225.
Package xcolor Info: Model `cmy' substituted by `cmy0' on input line 1337.
Package xcolor Info: Model `hsb' substituted by `rgb' on input line 1341.
Package xcolor Info: Model `RGB' extended on input line 1353.
Package xcolor Info: Model `HTML' substituted by `rgb' on input line 1355.
Package xcolor Info: Model `Hsb' substituted by `hsb' on input line 1356.
Package xcolor Info: Model `tHsb' substituted by `hsb' on input line 1357.
Package xcolor Info: Model `HSB' substituted by `hsb' on input line 1358.
Package xcolor Info: Model `Gray' substituted by `gray' on input line 1359.
Package xcolor Info: Model `wave' substituted by `hsb' on input line 1360.

(/usr/local/texlive/2014basic/texmf-dist/tex/latex/graphics/dvipsnam.def
File: dvipsnam.def 2014/04/23 v3.0j Driver-dependant file (DPC,SPQR)
))
(/usr/local/texlive/2014basic/texmf-dist/tex/latex/tools/enumerate.sty
Package: enumerate 1999/03/05 v3.00 enumerate extensions (DPC)
\@enLab=\toks30
)
(/usr/local/texlive/2014basic/texmf-dist/tex/latex/multirow/multirow.sty
\bigstrutjot=\dimen137
)
(/usr/local/texlive/2014basic/texmf-dist/tex/latex/tools/verbatim.sty
Package: verbatim 2003/08/22 v1.5q LaTeX2e package for verbatim enhancements
\every@verbatim=\toks31
\verbatim@line=\toks32
\verbatim@in@stream=\read1
)
(./macros.tex
\c@theorem=\count131
\c@stheorem=\count132
\c@corollary=\count133
\c@proposition=\count134
\c@lemma=\count135
\c@remark=\count136
\c@example=\count137
\c@assumption=\count138
\c@definition=\count139
) (./paper.aux

LaTeX Warning: Label `fig:method_pipeline1' multiply defined.

)
\openout1 = `paper.aux'.

LaTeX Font Info:    Checking defaults for OML/cmm/m/it on input line 34.
LaTeX Font Info:    ... okay on input line 34.
LaTeX Font Info:    Checking defaults for T1/cmr/m/n on input line 34.
LaTeX Font Info:    ... okay on input line 34.
LaTeX Font Info:    Checking defaults for OT1/cmr/m/n on input line 34.
LaTeX Font Info:    ... okay on input line 34.
LaTeX Font Info:    Checking defaults for OMS/cmsy/m/n on input line 34.
LaTeX Font Info:    ... okay on input line 34.
LaTeX Font Info:    Checking defaults for OMX/cmex/m/n on input line 34.
LaTeX Font Info:    ... okay on input line 34.
LaTeX Font Info:    Checking defaults for U/cmr/m/n on input line 34.
LaTeX Font Info:    ... okay on input line 34.
LaTeX Font Info:    Checking defaults for PD1/pdf/m/n on input line 34.
LaTeX Font Info:    ... okay on input line 34.
 (/usr/local/texlive/2014basic/texmf-dist/tex/context/base/supp-pdf.mkii
[Loading MPS to PDF converter (version 2006.09.02).]
\scratchcounter=\count140
\scratchdimen=\dimen138
\scratchbox=\box30
\nofMPsegments=\count141
\nofMParguments=\count142
\everyMPshowfont=\toks33
\MPscratchCnt=\count143
\MPscratchDim=\dimen139
\MPnumerator=\count144
\makeMPintoPDFobject=\count145
\everyMPtoPDFconversion=\toks34
) (/usr/local/texlive/2014basic/texmf-dist/tex/latex/oberdiek/epstopdf-base.sty
Package: epstopdf-base 2010/02/09 v2.5 Base part for package epstopdf
(/usr/local/texlive/2014basic/texmf-dist/tex/latex/oberdiek/grfext.sty
Package: grfext 2010/08/19 v1.1 Manage graphics extensions (HO)
)
Package grfext Info: Graphics extension search list:
(grfext)             [.png,.pdf,.jpg,.mps,.jpeg,.jbig2,.jb2,.PNG,.PDF,.JPG,.JPE
G,.JBIG2,.JB2,.eps]
(grfext)             \AppendGraphicsExtensions on input line 452.

(/usr/local/texlive/2014basic/texmf-dist/tex/latex/latexconfig/epstopdf-sys.cfg
File: epstopdf-sys.cfg 2010/07/13 v1.3 Configuration of (r)epstopdf for TeX Liv
e
))
*geometry* driver: auto-detecting
*geometry* detected driver: pdftex
*geometry* verbose mode - [ preamble ] result:
* driver: pdftex
* paper: <default>
* layout: <same size as paper>
* layoutoffset:(h,v)=(0.0pt,0.0pt)
* hratio: 1:1
* vratio: 1:1
* modes: 
* h-part:(L,W,R)=(90.3375pt, 433.62pt, 90.33751pt)
* v-part:(T,H,B)=(86.72377pt, 621.52243pt, 86.72379pt)
* \paperwidth=614.295pt
* \paperheight=794.96999pt
* \textwidth=433.62pt
* \textheight=621.52243pt
* \oddsidemargin=18.0675pt
* \evensidemargin=18.0675pt
* \topmargin=-22.54622pt
* \headheight=12.0pt
* \headsep=25.0pt
* \topskip=10.0pt
* \footskip=30.0pt
* \marginparwidth=65.0pt
* \marginparsep=11.0pt
* \columnsep=10.0pt
* \skip\footins=9.0pt plus 4.0pt minus 2.0pt
* \hoffset=0.0pt
* \voffset=0.0pt
* \mag=1000
* \@twocolumnfalse
* \@twosidefalse
* \@mparswitchfalse
* \@reversemarginfalse
* (1in=72.27pt=25.4mm, 1cm=28.453pt)

\AtBeginShipoutBox=\box31
Package hyperref Info: Link coloring OFF on input line 34.
(/usr/local/texlive/2014basic/texmf-dist/tex/latex/hyperref/nameref.sty
Package: nameref 2012/10/27 v2.43 Cross-referencing by name of section

(/usr/local/texlive/2014basic/texmf-dist/tex/generic/oberdiek/gettitlestring.st
y
Package: gettitlestring 2010/12/03 v1.4 Cleanup title references (HO)
)
\c@section@level=\count146
)
LaTeX Info: Redefining \ref on input line 34.
LaTeX Info: Redefining \pageref on input line 34.
LaTeX Info: Redefining \nameref on input line 34.
 (./paper.out) (./paper.out)
\@outlinefile=\write3
\openout3 = `paper.out'.

LaTeX Font Info:    Try loading font information for OMX+yhex on input line 41.


(/usr/local/texlive/2014basic/texmf-dist/tex/latex/yhmath/OMXyhex.fd
File: OMXyhex.fd 
File: OMXyhex.fd 2013/07/03 v1.1 YH's humble contribution to TeX maths (NP)
)
LaTeX Font Info:    External font `yhcmex10' loaded for size
(Font)              <10> on input line 41.
LaTeX Font Info:    External font `yhcmex10' loaded for size
(Font)              <7> on input line 41.
LaTeX Font Info:    External font `yhcmex10' loaded for size
(Font)              <5> on input line 41.
LaTeX Font Info:    Try loading font information for U+msa on input line 41.

(/usr/local/texlive/2014basic/texmf-dist/tex/latex/amsfonts/umsa.fd
File: umsa.fd 2013/01/14 v3.01 AMS symbols A
)
LaTeX Font Info:    Try loading font information for U+msb on input line 41.

(/usr/local/texlive/2014basic/texmf-dist/tex/latex/amsfonts/umsb.fd
File: umsb.fd 2013/01/14 v3.01 AMS symbols B
)
LaTeX Font Info:    External font `yhcmex10' loaded for size
(Font)              <12> on input line 42.
LaTeX Font Info:    External font `yhcmex10' loaded for size
(Font)              <8> on input line 42.
LaTeX Font Info:    External font `yhcmex10' loaded for size
(Font)              <6> on input line 42.

(./abstract.tex) (./intro.tex [1

{/usr/local/texlive/2014basic/texmf-var/fonts/map/pdftex/updmap/pdftex.map}] [2
]) (./background.tex [3]
<../figs/weightedSBM.jpg, id=257, 623.32875pt x 407.5225pt>
File: ../figs/weightedSBM.jpg Graphic file (type jpg)

<use ../figs/weightedSBM.jpg>
Package pdftex.def Info: ../figs/weightedSBM.jpg used on input line 50.
(pdftex.def)             Requested size: 249.32707pt x 163.0061pt.
 [4 <../figs/weightedSBM.jpg>]) (./method.tex
[5] <../figs/method_pipeline1.pdf, id=292, 1027.84pt x 770.88pt>
File: ../figs/method_pipeline1.pdf Graphic file (type pdf)

<use ../figs/method_pipeline1.pdf>
Package pdftex.def Info: ../figs/method_pipeline1.pdf used on input line 32.
(pdftex.def)             Requested size: 411.12872pt x 120.44786pt.
 [6]
Package hyperref Info: bookmark level for unknown algorithm defaults to 0 on in
put line 44.

Underfull \hbox (badness 10000) in paragraph at lines 46--48

 []


Underfull \hbox (badness 10000) in paragraph at lines 66--68

 []


LaTeX Warning: `!h' float specifier changed to `!ht'.


Underfull \hbox (badness 10000) in paragraph at lines 99--101

 []


LaTeX Warning: `!h' float specifier changed to `!ht'.

[7 <../figs/method_pipeline1.pdf>]) (./results.tex [8] [9]
Underfull \hbox (badness 10000) in paragraph at lines 36--37

 []


Underfull \hbox (badness 10000) in paragraph at lines 46--47

 []

[10] [11]
Overfull \hbox (21.56422pt too wide) in paragraph at lines 112--114
\OT1/cmr/m/n/10 One can show (through propo-si-tion []4.1[]) that con-di-tions 
A1-A5 are al-ways sat-is-fied when $[][] \OMS/cmsy/m/n/10 j\OML/cmm/m/it/10 f[]
\OT1/cmr/m/n/10 (\OML/cmm/m/it/10 x \OMS/cmsy/m/n/10 ^^@
 []

[12] [13] [14] [15]
<../figs/method_pipeline2.pdf, id=476, 1027.84pt x 770.88pt>
File: ../figs/method_pipeline2.pdf Graphic file (type pdf)

<use ../figs/method_pipeline2.pdf>
Package pdftex.def Info: ../figs/method_pipeline2.pdf used on input line 285.
(pdftex.def)             Requested size: 411.12872pt x 97.3218pt.

Underfull \hbox (badness 10000) in paragraph at lines 299--300

 []

[16 <../figs/method_pipeline2.pdf>]
Overfull \hbox (36.78583pt too wide) in paragraph at lines 337--338
[]\OT1/cmr/m/it/10 Define $\OML/cmm/m/it/10 I \OT1/cmr/m/n/10 = \OMS/cmsy/m/n/1
0 ^^@\OT1/cmr/m/n/10 2 [] []$ \OT1/cmr/m/it/10 and $\OML/cmm/m/it/10 I[] \OT1/c
mr/m/n/10 = \OMS/cmsy/m/n/10 ^^@\OT1/cmr/m/n/10 2 [] []$\OT1/cmr/m/it/10 . 
 []


Underfull \hbox (badness 10000) in paragraph at lines 337--338

 []


Overfull \hbox (36.78583pt too wide) in paragraph at lines 362--363
[]\OT1/cmr/m/it/10 Define $\OML/cmm/m/it/10 I \OT1/cmr/m/n/10 = \OMS/cmsy/m/n/1
0 ^^@\OT1/cmr/m/n/10 2 [] []$ \OT1/cmr/m/it/10 and $\OML/cmm/m/it/10 I[] \OT1/c
mr/m/n/10 = \OMS/cmsy/m/n/10 ^^@\OT1/cmr/m/n/10 2 [] []$\OT1/cmr/m/it/10 . 
 []


Underfull \hbox (badness 10000) in paragraph at lines 362--363

 []

[17]) (./conclusion.tex [18]) [19] (./paper.bbl [20]) (./proof.tex
(./proofs/labeled_sbm_proof.tex [21]
Underfull \hbox (badness 10000) in paragraph at lines 11--12

 []

[22]
Underfull \hbox (badness 10000) in paragraph at lines 46--48

 []

[23]
Underfull \hbox (badness 10000) in paragraph at lines 96--97

 []


Underfull \hbox (badness 10000) in paragraph at lines 98--102

 []

[24] [25]
Overfull \hbox (17.39233pt too wide) in paragraph at lines 230--231
[]\OT1/cmr/m/n/10 Our goal is to choose an ap-pro-pri-ate $\OML/cmm/m/it/10 t$ 
\OT1/cmr/m/n/10 such that the prob-a-bil-ity is up-per bounded by $[](\OMS/cmsy
/m/n/10 ^^@\OT1/cmr/m/n/10 2\OML/cmm/m/it/10 ^^Mn [] [] \OMS/cmsy/m/n/10 ^^@
 []


Overfull \hbox (27.40321pt too wide) in paragraph at lines 240--240
[] 
 []

LaTeX Font Info:    Try loading font information for OMS+cmr on input line 246.

(/usr/local/texlive/2014basic/texmf-dist/tex/latex/base/omscmr.fd
File: omscmr.fd 1999/05/25 v2.5h Standard LaTeX font definitions
)
LaTeX Font Info:    Font shape `OMS/cmr/m/n' in size <10> not available
(Font)              Font shape `OMS/cmsy/m/n' tried instead on input line 246.
 [26]
Overfull \hbox (18.37538pt too wide) detected at line 269
\OML/cmm/m/it/10 t[] \OMS/cmsy/m/n/10 ^^T \OT1/cmr/m/n/10 4 [][]
 []


Overfull \hbox (64.14006pt too wide) in paragraph at lines 290--290
[] 
 []

[27]
Underfull \hbox (badness 10000) in paragraph at lines 326--327

 []


Underfull \hbox (badness 10000) in paragraph at lines 348--349

 []

[28]
Overfull \hbox (53.85823pt too wide) in paragraph at lines 393--393
[] 
 []

[29] [30] [31]
Overfull \hbox (5.90976pt too wide) in paragraph at lines 534--534
[] 
 []


Overfull \hbox (29.2536pt too wide) in paragraph at lines 591--591
[] 
 []

[32]
Overfull \hbox (2.03598pt too wide) in paragraph at lines 622--625
[]\OT1/cmr/m/n/10 By lemma []A.3[], the de-nom-i-na-tors are of con-stant or-de
r. That is, $[][] [] = \OML/cmm/m/it/10 C$ \OT1/cmr/m/n/10 and $[][] []\OML/cmm
/m/it/10 P[] \OT1/cmr/m/n/10 =
 []

[33] [34]
Underfull \hbox (badness 10000) in paragraph at lines 712--713

 []

[35]
Underfull \hbox (badness 10000) in paragraph at lines 800--801

 []

[36] [37]
Underfull \hbox (badness 10000) in paragraph at lines 899--900

 []


Underfull \hbox (badness 10000) in paragraph at lines 901--902

 []

) (./proofs/discretize_proof.tex [38]
Overfull \hbox (38.66074pt too wide) in paragraph at lines 21--22
[]\OT1/cmr/m/it/10 Define $\OML/cmm/m/it/10 I \OT1/cmr/m/n/10 = \OMS/cmsy/m/n/1
0 ^^@\OT1/cmr/m/n/10 2 [] []$ \OT1/cmr/m/it/10 and $\OML/cmm/m/it/10 I[] \OT1/c
mr/m/n/10 = \OMS/cmsy/m/n/10 ^^@\OT1/cmr/m/n/10 2 [] []$\OT1/cmr/m/it/10 . 
 []


Underfull \hbox (badness 10000) in paragraph at lines 21--22

 []


Overfull \hbox (32.10304pt too wide) in paragraph at lines 45--45
[] 
 []


Overfull \hbox (9.31435pt too wide) in paragraph at lines 55--55
[] 
 []


Overfull \hbox (72.42958pt too wide) in paragraph at lines 71--71
[] 
 []

[39] [40] [41] [42]
Underfull \hbox (badness 10000) in paragraph at lines 276--278

 []

[43] [44]
Overfull \hbox (9.84625pt too wide) detected at line 347
\OML/cmm/m/it/10 B[] [] \OMS/cmsy/m/n/10 ^^T [] [][] [] j\OML/cmm/m/it/10 x \OM
S/cmsy/m/n/10 ^^@ \OML/cmm/m/it/10 x[]\OMS/cmsy/m/n/10 j\OML/cmm/m/it/10 dx \OM
S/cmsy/m/n/10 ^^T [] [][] [] j\OML/cmm/m/it/10 x \OMS/cmsy/m/n/10 ^^@ \OML/cmm/
m/it/10 x[]\OMS/cmsy/m/n/10 j\OML/cmm/m/it/10 dx \OMS/cmsy/m/n/10 ^^T [] [][] \
OML/cmm/m/it/10 L[]\OMS/cmsy/m/n/10 j\OML/cmm/m/it/10 x \OMS/cmsy/m/n/10 ^^@ \O
ML/cmm/m/it/10 x[]\OMS/cmsy/m/n/10 j\OML/cmm/m/it/10 dx \OMS/cmsy/m/n/10 ^^T []
\OML/cmm/m/it/10 C[]L[]
 []

[45] [46] [47] [48] [49] [50] [51]
Overfull \hbox (29.13837pt too wide) in paragraph at lines 799--799
[] 
 []


Underfull \hbox (badness 10000) in paragraph at lines 827--830

 []

[52]
Overfull \hbox (19.87785pt too wide) in paragraph at lines 888--888
[] 
 []

[53]
Overfull \hbox (38.66074pt too wide) in paragraph at lines 912--913
[]\OT1/cmr/m/it/10 Define $\OML/cmm/m/it/10 I \OT1/cmr/m/n/10 = \OMS/cmsy/m/n/1
0 ^^@\OT1/cmr/m/n/10 2 [] []$ \OT1/cmr/m/it/10 and $\OML/cmm/m/it/10 I[] \OT1/c
mr/m/n/10 = \OMS/cmsy/m/n/10 ^^@\OT1/cmr/m/n/10 2 [] []$\OT1/cmr/m/it/10 . 
 []


Underfull \hbox (badness 10000) in paragraph at lines 912--913

 []


Underfull \hbox (badness 10000) in paragraph at lines 935--936

 []


Underfull \hbox (badness 10000) in paragraph at lines 965--967

 []

[54]
Overfull \hbox (10.47128pt too wide) detected at line 1004
\OML/cmm/m/it/10 B[] [] \OMS/cmsy/m/n/10 ^^T [] [][] [] j\OML/cmm/m/it/10 x \OM
S/cmsy/m/n/10 ^^@ \OML/cmm/m/it/10 x[]\OMS/cmsy/m/n/10 j\OML/cmm/m/it/10 dx \OM
S/cmsy/m/n/10 ^^T [] [][] [] j\OML/cmm/m/it/10 x \OMS/cmsy/m/n/10 ^^@ \OML/cmm/
m/it/10 x[]\OMS/cmsy/m/n/10 j\OML/cmm/m/it/10 dx \OMS/cmsy/m/n/10 ^^T [] [][] \
OML/cmm/m/it/10 L[]\OMS/cmsy/m/n/10 j\OML/cmm/m/it/10 x \OMS/cmsy/m/n/10 ^^@ \O
ML/cmm/m/it/10 x[]\OMS/cmsy/m/n/10 j\OML/cmm/m/it/10 dx \OMS/cmsy/m/n/10 ^^T []
\OML/cmm/m/it/10 C[]L[]
 []

[55]
Overfull \hbox (56.74445pt too wide) in paragraph at lines 1050--1050
[] 
 []

[56]) (./proofs/transformation_proof.tex [57] [58]
Overfull \hbox (5.11664pt too wide) in paragraph at lines 65--66
[]$\OT1/cmr/m/n/10 ([] \OML/cmm/m/it/10 p\OT1/cmr/m/n/10 )[](\OML/cmm/m/it/10 x
\OT1/cmr/m/n/10 )\OML/cmm/m/it/10 ; \OT1/cmr/m/n/10 ([] \OML/cmm/m/it/10 q\OT1/
cmr/m/n/10 )[](\OML/cmm/m/it/10 x\OT1/cmr/m/n/10 ) \OMS/cmsy/m/n/10 ^^U \OT1/cm
r/m/n/10 ([] \OML/cmm/m/it/10 ^^^\OT1/cmr/m/n/10 )[](\OML/cmm/m/it/10 x\OT1/cmr
/m/n/10 ) \OMS/cmsy/m/n/10 ^^U \OT1/cmr/m/n/10 0$ \OT1/cmr/m/it/10 for all $\OM
L/cmm/m/it/10 x < \OMS/cmsy/m/n/10 ^^@\OML/cmm/m/it/10 c[]$ \OT1/cmr/m/it/10 an
d $\OT1/cmr/m/n/10 ([] \OML/cmm/m/it/10 p\OT1/cmr/m/n/10 )[](\OML/cmm/m/it/10 x
\OT1/cmr/m/n/10 )\OML/cmm/m/it/10 ; \OT1/cmr/m/n/10 ([] \OML/cmm/m/it/10 q\OT1/
cmr/m/n/10 )[](\OML/cmm/m/it/10 x\OT1/cmr/m/n/10 ) \OMS/cmsy/m/n/10 ^^T \OT1/cm
r/m/n/10 ([] \OML/cmm/m/it/10 ^^^\OT1/cmr/m/n/10 )[](\OML/cmm/m/it/10 x\OT1/cmr
/m/n/10 ) \OMS/cmsy/m/n/10 ^^T
 []

[59]
Overfull \hbox (5.11664pt too wide) in paragraph at lines 160--161
[]$\OT1/cmr/m/n/10 ([] \OML/cmm/m/it/10 p\OT1/cmr/m/n/10 )[](\OML/cmm/m/it/10 x
\OT1/cmr/m/n/10 )\OML/cmm/m/it/10 ; \OT1/cmr/m/n/10 ([] \OML/cmm/m/it/10 q\OT1/
cmr/m/n/10 )[](\OML/cmm/m/it/10 x\OT1/cmr/m/n/10 ) \OMS/cmsy/m/n/10 ^^U \OT1/cm
r/m/n/10 ([] \OML/cmm/m/it/10 ^^^\OT1/cmr/m/n/10 )[](\OML/cmm/m/it/10 x\OT1/cmr
/m/n/10 ) \OMS/cmsy/m/n/10 ^^U \OT1/cmr/m/n/10 0$ \OT1/cmr/m/it/10 for all $\OM
L/cmm/m/it/10 x < \OMS/cmsy/m/n/10 ^^@\OML/cmm/m/it/10 c[]$ \OT1/cmr/m/it/10 an
d $\OT1/cmr/m/n/10 ([] \OML/cmm/m/it/10 p\OT1/cmr/m/n/10 )[](\OML/cmm/m/it/10 x
\OT1/cmr/m/n/10 )\OML/cmm/m/it/10 ; \OT1/cmr/m/n/10 ([] \OML/cmm/m/it/10 q\OT1/
cmr/m/n/10 )[](\OML/cmm/m/it/10 x\OT1/cmr/m/n/10 ) \OMS/cmsy/m/n/10 ^^T \OT1/cm
r/m/n/10 ([] \OML/cmm/m/it/10 ^^^\OT1/cmr/m/n/10 )[](\OML/cmm/m/it/10 x\OT1/cmr
/m/n/10 ) \OMS/cmsy/m/n/10 ^^T
 []

[60]) (./proofs/initial_spectral_proof.tex [61] [62]
Overfull \hbox (8.40417pt too wide) in paragraph at lines 119--120
[]\OT1/cmr/m/it/10 For large enough $\OML/cmm/m/it/10 n$\OT1/cmr/m/it/10 , we h
ave that, with prob-a-bil-ity at least $\OT1/cmr/m/n/10 1 \OMS/cmsy/m/n/10 ^^@ 
\OT1/cmr/m/n/10 2\OML/cmm/m/it/10 Ln[]$\OT1/cmr/m/it/10 , we have that $[] \OMS
/cmsy/m/n/10 ^^U
 []


Underfull \hbox (badness 10000) in paragraph at lines 127--128

 []

[63]
Underfull \hbox (badness 10000) in paragraph at lines 173--174

 []


Underfull \hbox (badness 10000) in paragraph at lines 177--178

 []


Overfull \hbox (2.93312pt too wide) in paragraph at lines 203--204
[]\OT1/cmr/m/n/10 The sec-ond in-equal-ity fol-lows be-cause $[]$ is the best r
ank-$\OML/cmm/m/it/10 K$ \OT1/cmr/m/n/10 ap-prox-i-ma-tion of $\OML/cmm/m/it/10
 T[]\OT1/cmr/m/n/10 (\OML/cmm/m/it/10 A\OT1/cmr/m/n/10 )$ and $[](\OML/cmm/m/it
/10 P\OT1/cmr/m/n/10 ) =
 []

[64]
Underfull \hbox (badness 10000) in paragraph at lines 231--232

 []


Underfull \hbox (badness 10000) in paragraph at lines 233--235

 []

[65] [66]) (./proofs/examples_proof.tex [67] [68] [69] [70]
Overfull \hbox (0.33556pt too wide) in paragraph at lines 356--356
[] 
 []

) (./proofs/lower_bound_proof.tex [71] [72] [73]) (./proofs/threshold_proof.tex
[74]
Underfull \hbox (badness 10000) in paragraph at lines 11--13

 []


LaTeX Warning: Reference `lemma: aww' on page 75 undefined on input line 34.

[75] [76] [77]
Overfull \hbox (6.50671pt too wide) in paragraph at lines 200--200
[] 
 []

[78]
Overfull \hbox (9.68729pt too wide) detected at line 236
\OML/cmm/m/it/10 T [] \OT1/cmr/m/n/10 = \U/msb/m/n/10 P [] \OML/cmm/m/it/10 ;
 []

[79] [80]
Overfull \hbox (13.57143pt too wide) in paragraph at lines 316--316
[] 
 []


Underfull \hbox (badness 10000) detected at line 346
 []$[]  \U/msb/m/n/10 E\OML/cmm/m/it/10 e[] \OT1/cmr/m/n/10 = 1 + [][] [] [][] 
\OML/cmm/m/it/10 d[]  $ 
 []

[81]) (./proofs/useful_lemmas.tex [82]))
Package atveryend Info: Empty hook `BeforeClearDocument' on input line 86.
 [83]
Package atveryend Info: Empty hook `AfterLastShipout' on input line 86.
 (./paper.aux)
Package atveryend Info: Executing hook `AtVeryEndDocument' on input line 86.
Package atveryend Info: Executing hook `AtEndAfterFileList' on input line 86.
Package rerunfilecheck Info: File `paper.out' has not changed.
(rerunfilecheck)             Checksum: 3E6EDA9F3D9194D7DA2C1F418734B017;2760.


LaTeX Warning: There were undefined references.


LaTeX Warning: There were multiply-defined labels.

Package atveryend Info: Empty hook `AtVeryVeryEnd' on input line 86.
 ) 
Here is how much of TeX's memory you used:
 9635 strings out of 494522
 137553 string characters out of 6167205
 249909 words of memory out of 5000000
 12404 multiletter control sequences out of 15000+600000
 16044 words of font info for 58 fonts, out of 8000000 for 9000
 319 hyphenation exceptions out of 8191
 29i,19n,35p,2011b,509s stack positions out of 5000i,500n,10000p,200000b,80000s
</usr/local/texlive/2014basic/texmf-dist/fonts/type1/public/amsfonts/cm/cmbx1
0.pfb></usr/local/texlive/2014basic/texmf-dist/fonts/type1/public/amsfonts/cm/c
mbx12.pfb></usr/local/texlive/2014basic/texmf-dist/fonts/type1/public/amsfonts/
cm/cmbx9.pfb></usr/local/texlive/2014basic/texmf-dist/fonts/type1/public/amsfon
ts/cm/cmex10.pfb></usr/local/texlive/2014basic/texmf-dist/fonts/type1/public/am
sfonts/cm/cmmi10.pfb></usr/local/texlive/2014basic/texmf-dist/fonts/type1/publi
c/amsfonts/cm/cmmi5.pfb></usr/local/texlive/2014basic/texmf-dist/fonts/type1/pu
blic/amsfonts/cm/cmmi7.pfb></usr/local/texlive/2014basic/texmf-dist/fonts/type1
/public/amsfonts/cm/cmr10.pfb></usr/local/texlive/2014basic/texmf-dist/fonts/ty
pe1/public/amsfonts/cm/cmr12.pfb></usr/local/texlive/2014basic/texmf-dist/fonts
/type1/public/amsfonts/cm/cmr5.pfb></usr/local/texlive/2014basic/texmf-dist/fon
ts/type1/public/amsfonts/cm/cmr7.pfb></usr/local/texlive/2014basic/texmf-dist/f
onts/type1/public/amsfonts/cm/cmr8.pfb></usr/local/texlive/2014basic/texmf-dist
/fonts/type1/public/amsfonts/cm/cmr9.pfb></usr/local/texlive/2014basic/texmf-di
st/fonts/type1/public/amsfonts/cm/cmss10.pfb></usr/local/texlive/2014basic/texm
f-dist/fonts/type1/public/amsfonts/cm/cmss8.pfb></usr/local/texlive/2014basic/t
exmf-dist/fonts/type1/public/amsfonts/cm/cmssi10.pfb></usr/local/texlive/2014ba
sic/texmf-dist/fonts/type1/public/amsfonts/cm/cmssi8.pfb></usr/local/texlive/20
14basic/texmf-dist/fonts/type1/public/amsfonts/cm/cmsy10.pfb></usr/local/texliv
e/2014basic/texmf-dist/fonts/type1/public/amsfonts/cm/cmsy5.pfb></usr/local/tex
live/2014basic/texmf-dist/fonts/type1/public/amsfonts/cm/cmsy7.pfb></usr/local/
texlive/2014basic/texmf-dist/fonts/type1/public/amsfonts/cm/cmsy8.pfb></usr/loc
al/texlive/2014basic/texmf-dist/fonts/type1/public/amsfonts/cm/cmti10.pfb></usr
/local/texlive/2014basic/texmf-dist/fonts/type1/public/amsfonts/cm/cmtt12.pfb><
/usr/local/texlive/2014basic/texmf-dist/fonts/type1/public/amsfonts/symbols/msa
m10.pfb></usr/local/texlive/2014basic/texmf-dist/fonts/type1/public/amsfonts/sy
mbols/msbm10.pfb></usr/local/texlive/2014basic/texmf-dist/fonts/type1/public/am
sfonts/symbols/msbm7.pfb></usr/local/texlive/2014basic/texmf-dist/fonts/type1/p
ublic/yhmath/yhcmex.pfb>
Output written on paper.pdf (83 pages, 843941 bytes).
PDF statistics:
 1220 PDF objects out of 1440 (max. 8388607)
 1069 compressed objects within 11 object streams
 279 named destinations out of 1000 (max. 500000)
 328 words of extra memory for PDF output out of 10000 (max. 10000000)

